{"/Users/jsstrn/Developer/gol/src/components/Cell.js": {"path":"/Users/jsstrn/Developer/gol/src/components/Cell.js","statementMap":{"0":{"start":{"line":8,"column":4},"end":{"line":8,"column":39}},"1":{"start":{"line":9,"column":4},"end":{"line":9,"column":70}},"2":{"start":{"line":13,"column":4},"end":{"line":13,"column":30}},"3":{"start":{"line":17,"column":4},"end":{"line":17,"column":33}},"4":{"start":{"line":21,"column":4},"end":{"line":21,"column":34}}},"fnMap":{"0":{"name":"(anonymous_0)","decl":{"start":{"line":7,"column":2},"end":{"line":7,"column":3}},"loc":{"start":{"line":7,"column":54},"end":{"line":10,"column":3}},"line":7},"1":{"name":"(anonymous_1)","decl":{"start":{"line":12,"column":2},"end":{"line":12,"column":3}},"loc":{"start":{"line":12,"column":16},"end":{"line":14,"column":3}},"line":12},"2":{"name":"(anonymous_2)","decl":{"start":{"line":16,"column":2},"end":{"line":16,"column":3}},"loc":{"start":{"line":16,"column":19},"end":{"line":18,"column":3}},"line":16},"3":{"name":"(anonymous_3)","decl":{"start":{"line":20,"column":2},"end":{"line":20,"column":3}},"loc":{"start":{"line":20,"column":11},"end":{"line":22,"column":3}},"line":20}},"branchMap":{"0":{"loc":{"start":{"line":7,"column":16},"end":{"line":7,"column":31}},"type":"default-arg","locations":[{"start":{"line":7,"column":26},"end":{"line":7,"column":31}}],"line":7},"1":{"loc":{"start":{"line":7,"column":33},"end":{"line":7,"column":50}},"type":"default-arg","locations":[{"start":{"line":7,"column":49},"end":{"line":7,"column":50}}],"line":7},"2":{"loc":{"start":{"line":9,"column":17},"end":{"line":9,"column":69}},"type":"cond-expr","locations":[{"start":{"line":9,"column":27},"end":{"line":9,"column":47}},{"start":{"line":9,"column":50},"end":{"line":9,"column":69}}],"line":9}},"s":{"0":5,"1":5,"2":5,"3":2,"4":3},"f":{"0":5,"1":5,"2":2,"3":3},"b":{"0":[1],"1":[2],"2":[3,2]},"_coverageSchema":"1a1c01bbd47fc00a2c39e90264f33305004495a9","hash":"7b757aadd8349d1289f42ea4fc7ce048a11edae9"}
,"/Users/jsstrn/Developer/gol/src/components/index.js": {"path":"/Users/jsstrn/Developer/gol/src/components/index.js","statementMap":{},"fnMap":{},"branchMap":{},"s":{},"f":{},"b":{},"_coverageSchema":"1a1c01bbd47fc00a2c39e90264f33305004495a9","hash":"48c7ff90942ae63dc508daf8ab10d4968a00e48c"}
,"/Users/jsstrn/Developer/gol/src/states/AliveState.js": {"path":"/Users/jsstrn/Developer/gol/src/states/AliveState.js","statementMap":{"0":{"start":{"line":5,"column":12},"end":{"line":5,"column":16}},"1":{"start":{"line":6,"column":15},"end":{"line":6,"column":20}},"2":{"start":{"line":9,"column":4},"end":{"line":11,"column":5}},"3":{"start":{"line":10,"column":6},"end":{"line":10,"column":13}},"4":{"start":{"line":13,"column":4},"end":{"line":13,"column":47}}},"fnMap":{"0":{"name":"(anonymous_0)","decl":{"start":{"line":8,"column":2},"end":{"line":8,"column":3}},"loc":{"start":{"line":8,"column":11},"end":{"line":14,"column":3}},"line":8}},"branchMap":{"0":{"loc":{"start":{"line":9,"column":4},"end":{"line":11,"column":5}},"type":"if","locations":[{"start":{"line":9,"column":4},"end":{"line":11,"column":5}},{"start":{},"end":{}}],"line":9},"1":{"loc":{"start":{"line":9,"column":8},"end":{"line":9,"column":60}},"type":"binary-expr","locations":[{"start":{"line":9,"column":8},"end":{"line":9,"column":32}},{"start":{"line":9,"column":36},"end":{"line":9,"column":60}}],"line":9}},"s":{"0":13,"1":13,"2":5,"3":4,"4":1},"f":{"0":5},"b":{"0":[4,1],"1":[5,3]},"_coverageSchema":"1a1c01bbd47fc00a2c39e90264f33305004495a9","hash":"2c21a57e10f2b8cec22b8a5651304634a73c642f"}
,"/Users/jsstrn/Developer/gol/src/states/DeadState.js": {"path":"/Users/jsstrn/Developer/gol/src/states/DeadState.js","statementMap":{"0":{"start":{"line":5,"column":12},"end":{"line":5,"column":17}},"1":{"start":{"line":6,"column":15},"end":{"line":6,"column":20}},"2":{"start":{"line":9,"column":4},"end":{"line":11,"column":5}},"3":{"start":{"line":10,"column":6},"end":{"line":10,"column":50}}},"fnMap":{"0":{"name":"(anonymous_0)","decl":{"start":{"line":8,"column":2},"end":{"line":8,"column":3}},"loc":{"start":{"line":8,"column":11},"end":{"line":12,"column":3}},"line":8}},"branchMap":{"0":{"loc":{"start":{"line":9,"column":4},"end":{"line":11,"column":5}},"type":"if","locations":[{"start":{"line":9,"column":4},"end":{"line":11,"column":5}},{"start":{},"end":{}}],"line":9}},"s":{"0":11,"1":11,"2":4,"3":2},"f":{"0":4},"b":{"0":[2,2]},"_coverageSchema":"1a1c01bbd47fc00a2c39e90264f33305004495a9","hash":"b5b3c8b394e3a0189caae05c7f38d5c6f6cb4e11"}
,"/Users/jsstrn/Developer/gol/src/states/State.js": {"path":"/Users/jsstrn/Developer/gol/src/states/State.js","statementMap":{"0":{"start":{"line":7,"column":4},"end":{"line":7,"column":21}},"1":{"start":{"line":11,"column":4},"end":{"line":11,"column":35}},"2":{"start":{"line":15,"column":4},"end":{"line":15,"column":50}}},"fnMap":{"0":{"name":"(anonymous_0)","decl":{"start":{"line":6,"column":2},"end":{"line":6,"column":3}},"loc":{"start":{"line":6,"column":20},"end":{"line":8,"column":3}},"line":6},"1":{"name":"(anonymous_1)","decl":{"start":{"line":10,"column":2},"end":{"line":10,"column":3}},"loc":{"start":{"line":10,"column":22},"end":{"line":12,"column":3}},"line":10},"2":{"name":"(anonymous_2)","decl":{"start":{"line":14,"column":2},"end":{"line":14,"column":3}},"loc":{"start":{"line":14,"column":11},"end":{"line":16,"column":3}},"line":14}},"branchMap":{},"s":{"0":26,"1":13,"2":1},"f":{"0":26,"1":13,"2":1},"b":{},"_coverageSchema":"1a1c01bbd47fc00a2c39e90264f33305004495a9","hash":"153970227eedce727c8296822e4714e1d8aea10d"}
,"/Users/jsstrn/Developer/gol/src/states/index.js": {"path":"/Users/jsstrn/Developer/gol/src/states/index.js","statementMap":{},"fnMap":{},"branchMap":{},"s":{},"f":{},"b":{},"_coverageSchema":"1a1c01bbd47fc00a2c39e90264f33305004495a9","hash":"0cb17d19d055c6fadd1667dfa92f6a3606953fb0"}
}
